# JRE version: Java(TM) SE Runtime Environment (8.0_144-b01) (build 1.8.0_144-b01)
# Java VM: Java HotSpot(TM) 64-Bit Server VM (25.144-b01 mixed mode windows-amd64 compressed oops)
Heap:
 PSYoungGen      total 157696K, used 118736K [0x00000000f5580000, 0x0000000100000000, 0x0000000100000000)
  eden space 141824K, 72% used [0x00000000f5580000,0x00000000fba5a888,0x00000000fe000000)
  from space 15872K, 97% used [0x00000000fe000000,0x00000000fef197b8,0x00000000fef80000)
  to   space 16896K, 0% used [0x00000000fef80000,0x00000000fef80000,0x0000000100000000)
 ParOldGen       total 167424K, used 52026K [0x00000000e0000000, 0x00000000ea380000, 0x00000000f5580000)
  object space 167424K, 31% used [0x00000000e0000000,0x00000000e32ce978,0x00000000ea380000)
 Metaspace       used 57104K, capacity 64154K, committed 64512K, reserved 1105920K
  class space    used 6827K, capacity 8836K, committed 8960K, reserved 1048576K
GC Heap History (10 events):
Event: 8.746 GC heap before
{Heap before GC invocations=18 (full 3):
 PSYoungGen      total 160256K, used 154431K [0x00000000f5580000, 0x00000000ffe80000, 0x0000000100000000)
  eden space 147456K, 100% used [0x00000000f5580000,0x00000000fe580000,0x00000000fe580000)
  from space 12800K, 54% used [0x00000000ff200000,0x00000000ff8cfc08,0x00000000ffe80000)
  to   space 12800K, 0% used [0x00000000fe580000,0x00000000fe580000,0x00000000ff200000)
 ParOldGen       total 167424K, used 51986K [0x00000000e0000000, 0x00000000ea380000, 0x00000000f5580000)
  object space 167424K, 31% used [0x00000000e0000000,0x00000000e32c4978,0x00000000ea380000)
 Metaspace       used 46843K, capacity 52066K, committed 52352K, reserved 1093632K
  class space    used 5636K, capacity 7258K, committed 7296K, reserved 1048576K
Event: 8.757 GC heap after
Heap after GC invocations=18 (full 3):
 PSYoungGen      total 160256K, used 9082K [0x00000000f5580000, 0x0000000100000000, 0x0000000100000000)
  eden space 147456K, 0% used [0x00000000f5580000,0x00000000f5580000,0x00000000fe580000)
  from space 12800K, 70% used [0x00000000fe580000,0x00000000fee5ebf0,0x00000000ff200000)
  to   space 12800K, 0% used [0x00000000ff380000,0x00000000ff380000,0x0000000100000000)
 ParOldGen       total 167424K, used 51994K [0x00000000e0000000, 0x00000000ea380000, 0x00000000f5580000)
  object space 167424K, 31% used [0x00000000e0000000,0x00000000e32c6978,0x00000000ea380000)
 Metaspace       used 46843K, capacity 52066K, committed 52352K, reserved 1093632K
  class space    used 5636K, capacity 7258K, committed 7296K, reserved 1048576K
}
Event: 9.476 GC heap before
{Heap before GC invocations=19 (full 3):
 PSYoungGen      total 160256K, used 156538K [0x00000000f5580000, 0x0000000100000000, 0x0000000100000000)
  eden space 147456K, 100% used [0x00000000f5580000,0x00000000fe580000,0x00000000fe580000)
  from space 12800K, 70% used [0x00000000fe580000,0x00000000fee5ebf0,0x00000000ff200000)
  to   space 12800K, 0% used [0x00000000ff380000,0x00000000ff380000,0x0000000100000000)
 ParOldGen       total 167424K, used 51994K [0x00000000e0000000, 0x00000000ea380000, 0x00000000f5580000)
  object space 167424K, 31% used [0x00000000e0000000,0x00000000e32c6978,0x00000000ea380000)
 Metaspace       used 51029K, capacity 56648K, committed 56704K, reserved 1097728K
  class space    used 6050K, capacity 7757K, committed 7808K, reserved 1048576K
Event: 9.496 GC heap after
Heap after GC invocations=19 (full 3):
 PSYoungGen      total 158720K, used 12484K [0x00000000f5580000, 0x0000000100000000, 0x0000000100000000)
  eden space 145920K, 0% used [0x00000000f5580000,0x00000000f5580000,0x00000000fe400000)
  from space 12800K, 97% used [0x00000000ff380000,0x00000000fffb1118,0x0000000100000000)
  to   space 14336K, 0% used [0x00000000fe400000,0x00000000fe400000,0x00000000ff200000)
 ParOldGen       total 167424K, used 52002K [0x00000000e0000000, 0x00000000ea380000, 0x00000000f5580000)
  object space 167424K, 31% used [0x00000000e0000000,0x00000000e32c8978,0x00000000ea380000)
 Metaspace       used 51029K, capacity 56648K, committed 56704K, reserved 1097728K
  class space    used 6050K, capacity 7757K, committed 7808K, reserved 1048576K
}
Event: 10.152 GC heap before
{Heap before GC invocations=20 (full 3):
 PSYoungGen      total 158720K, used 158404K [0x00000000f5580000, 0x0000000100000000, 0x0000000100000000)
  eden space 145920K, 100% used [0x00000000f5580000,0x00000000fe400000,0x00000000fe400000)
  from space 12800K, 97% used [0x00000000ff380000,0x00000000fffb1118,0x0000000100000000)
  to   space 14336K, 0% used [0x00000000fe400000,0x00000000fe400000,0x00000000ff200000)
 ParOldGen       total 167424K, used 52002K [0x00000000e0000000, 0x00000000ea380000, 0x00000000f5580000)
  object space 167424K, 31% used [0x00000000e0000000,0x00000000e32c8978,0x00000000ea380000)
 Metaspace       used 53677K, capacity 59930K, committed 60032K, reserved 1101824K
  class space    used 6409K, capacity 8292K, committed 8320K, reserved 1048576K
Event: 10.162 GC heap after
Heap after GC invocations=20 (full 3):
 PSYoungGen      total 159232K, used 13119K [0x00000000f5580000, 0x0000000100000000, 0x0000000100000000)
  eden space 145920K, 0% used [0x00000000f5580000,0x00000000f5580000,0x00000000fe400000)
  from space 13312K, 98% used [0x00000000fe400000,0x00000000ff0cffe8,0x00000000ff100000)
  to   space 15360K, 0% used [0x00000000ff100000,0x00000000ff100000,0x0000000100000000)
 ParOldGen       total 167424K, used 52010K [0x00000000e0000000, 0x00000000ea380000, 0x00000000f5580000)
  object space 167424K, 31% used [0x00000000e0000000,0x00000000e32ca978,0x00000000ea380000)
 Metaspace       used 53677K, capacity 59930K, committed 60032K, reserved 1101824K
  class space    used 6409K, capacity 8292K, committed 8320K, reserved 1048576K
}
Event: 10.482 GC heap before
{Heap before GC invocations=21 (full 3):
 PSYoungGen      total 159232K, used 159039K [0x00000000f5580000, 0x0000000100000000, 0x0000000100000000)
  eden space 145920K, 100% used [0x00000000f5580000,0x00000000fe400000,0x00000000fe400000)
  from space 13312K, 98% used [0x00000000fe400000,0x00000000ff0cffe8,0x00000000ff100000)
  to   space 15360K, 0% used [0x00000000ff100000,0x00000000ff100000,0x0000000100000000)
 ParOldGen       total 167424K, used 52010K [0x00000000e0000000, 0x00000000ea380000, 0x00000000f5580000)
  object space 167424K, 31% used [0x00000000e0000000,0x00000000e32ca978,0x00000000ea380000)
 Metaspace       used 54737K, capacity 61218K, committed 61312K, reserved 1101824K
  class space    used 6576K, capacity 8508K, committed 8576K, reserved 1048576K
Event: 10.492 GC heap after
Heap after GC invocations=21 (full 3):
 PSYoungGen      total 157184K, used 13322K [0x00000000f5580000, 0x0000000100000000, 0x0000000100000000)
  eden space 141824K, 0% used [0x00000000f5580000,0x00000000f5580000,0x00000000fe000000)
  from space 15360K, 86% used [0x00000000ff100000,0x00000000ffe02bd0,0x0000000100000000)
  to   space 16384K, 0% used [0x00000000fe000000,0x00000000fe000000,0x00000000ff000000)
 ParOldGen       total 167424K, used 52018K [0x00000000e0000000, 0x00000000ea380000, 0x00000000f5580000)
  object space 167424K, 31% used [0x00000000e0000000,0x00000000e32cc978,0x00000000ea380000)
 Metaspace       used 54737K, capacity 61218K, committed 61312K, reserved 1101824K
  class space    used 6576K, capacity 8508K, committed 8576K, reserved 1048576K
}
Event: 10.890 GC heap before
{Heap before GC invocations=22 (full 3):
 PSYoungGen      total 157184K, used 155146K [0x00000000f5580000, 0x0000000100000000, 0x0000000100000000)
  eden space 141824K, 100% used [0x00000000f5580000,0x00000000fe000000,0x00000000fe000000)
  from space 15360K, 86% used [0x00000000ff100000,0x00000000ffe02bd0,0x0000000100000000)
  to   space 16384K, 0% used [0x00000000fe000000,0x00000000fe000000,0x00000000ff000000)
 ParOldGen       total 167424K, used 52018K [0x00000000e0000000, 0x00000000ea380000, 0x00000000f5580000)
  object space 167424K, 31% used [0x00000000e0000000,0x00000000e32cc978,0x00000000ea380000)
 Metaspace       used 56619K, capacity 63396K, committed 63616K, reserved 1103872K
  class space    used 6802K, capacity 8793K, committed 8832K, reserved 1048576K
Event: 10.902 GC heap after
Heap after GC invocations=22 (full 3):
 PSYoungGen      total 157696K, used 15461K [0x00000000f5580000, 0x0000000100000000, 0x0000000100000000)
  eden space 141824K, 0% used [0x00000000f5580000,0x00000000f5580000,0x00000000fe000000)
  from space 15872K, 97% used [0x00000000fe000000,0x00000000fef197b8,0x00000000fef80000)
  to   space 16896K, 0% used [0x00000000fef80000,0x00000000fef80000,0x0000000100000000)
 ParOldGen       total 167424K, used 52026K [0x00000000e0000000, 0x00000000ea380000, 0x00000000f5580000)
  object space 167424K, 31% used [0x00000000e0000000,0x00000000e32ce978,0x00000000ea380000)
 Metaspace       used 56619K, capacity 63396K, committed 63616K, reserved 1103872K
  class space    used 6802K, capacity 8793K, committed 8832K, reserved 1048576K
}

