# JRE version: Java(TM) SE Runtime Environment (8.0_144-b01) (build 1.8.0_144-b01)
# Java VM: Java HotSpot(TM) 64-Bit Server VM (25.144-b01 mixed mode windows-amd64 compressed oops)
Heap:
 PSYoungGen      total 151040K, used 56485K [0x00000000f5580000, 0x0000000100000000, 0x0000000100000000)
  eden space 129536K, 29% used [0x00000000f5580000,0x00000000f7b46988,0x00000000fd400000)
  from space 21504K, 82% used [0x00000000feb00000,0x00000000ffc62bd0,0x0000000100000000)
  to   space 22528K, 0% used [0x00000000fd400000,0x00000000fd400000,0x00000000fea00000)
 ParOldGen       total 174592K, used 51882K [0x00000000e0000000, 0x00000000eaa80000, 0x00000000f5580000)
  object space 174592K, 29% used [0x00000000e0000000,0x00000000e32aa860,0x00000000eaa80000)
 Metaspace       used 57252K, capacity 64386K, committed 64512K, reserved 1105920K
  class space    used 6842K, capacity 8862K, committed 8960K, reserved 1048576K
GC Heap History (10 events):
Event: 9.622 GC heap before
{Heap before GC invocations=21 (full 3):
 PSYoungGen      total 158208K, used 156078K [0x00000000f5580000, 0x0000000100000000, 0x0000000100000000)
  eden space 142848K, 100% used [0x00000000f5580000,0x00000000fe100000,0x00000000fe100000)
  from space 15360K, 86% used [0x00000000fe100000,0x00000000fedeb908,0x00000000ff000000)
  to   space 16384K, 0% used [0x00000000ff000000,0x00000000ff000000,0x0000000100000000)
 ParOldGen       total 174592K, used 51842K [0x00000000e0000000, 0x00000000eaa80000, 0x00000000f5580000)
  object space 174592K, 29% used [0x00000000e0000000,0x00000000e32a0860,0x00000000eaa80000)
 Metaspace       used 54737K, capacity 61214K, committed 61312K, reserved 1101824K
  class space    used 6576K, capacity 8508K, committed 8576K, reserved 1048576K
Event: 9.633 GC heap after
Heap after GC invocations=21 (full 3):
 PSYoungGen      total 156160K, used 13334K [0x00000000f5580000, 0x0000000100000000, 0x0000000100000000)
  eden space 139776K, 0% used [0x00000000f5580000,0x00000000f5580000,0x00000000fde00000)
  from space 16384K, 81% used [0x00000000ff000000,0x00000000ffd05bc0,0x0000000100000000)
  to   space 17408K, 0% used [0x00000000fde00000,0x00000000fde00000,0x00000000fef00000)
 ParOldGen       total 174592K, used 51850K [0x00000000e0000000, 0x00000000eaa80000, 0x00000000f5580000)
  object space 174592K, 29% used [0x00000000e0000000,0x00000000e32a2860,0x00000000eaa80000)
 Metaspace       used 54737K, capacity 61214K, committed 61312K, reserved 1101824K
  class space    used 6576K, capacity 8508K, committed 8576K, reserved 1048576K
}
Event: 10.085 GC heap before
{Heap before GC invocations=22 (full 3):
 PSYoungGen      total 156160K, used 153110K [0x00000000f5580000, 0x0000000100000000, 0x0000000100000000)
  eden space 139776K, 100% used [0x00000000f5580000,0x00000000fde00000,0x00000000fde00000)
  from space 16384K, 81% used [0x00000000ff000000,0x00000000ffd05bc0,0x0000000100000000)
  to   space 17408K, 0% used [0x00000000fde00000,0x00000000fde00000,0x00000000fef00000)
 ParOldGen       total 174592K, used 51850K [0x00000000e0000000, 0x00000000eaa80000, 0x00000000f5580000)
  object space 174592K, 29% used [0x00000000e0000000,0x00000000e32a2860,0x00000000eaa80000)
 Metaspace       used 56014K, capacity 62824K, committed 63104K, reserved 1103872K
  class space    used 6743K, capacity 8727K, committed 8832K, reserved 1048576K
Event: 10.099 GC heap after
Heap after GC invocations=22 (full 3):
 PSYoungGen      total 154624K, used 14616K [0x00000000f5580000, 0x0000000100000000, 0x0000000100000000)
  eden space 139776K, 0% used [0x00000000f5580000,0x00000000f5580000,0x00000000fde00000)
  from space 14848K, 98% used [0x00000000fde00000,0x00000000fec46148,0x00000000fec80000)
  to   space 18432K, 0% used [0x00000000fee00000,0x00000000fee00000,0x0000000100000000)
 ParOldGen       total 174592K, used 51858K [0x00000000e0000000, 0x00000000eaa80000, 0x00000000f5580000)
  object space 174592K, 29% used [0x00000000e0000000,0x00000000e32a4860,0x00000000eaa80000)
 Metaspace       used 56014K, capacity 62824K, committed 63104K, reserved 1103872K
  class space    used 6743K, capacity 8727K, committed 8832K, reserved 1048576K
}
Event: 10.569 GC heap before
{Heap before GC invocations=23 (full 3):
 PSYoungGen      total 154624K, used 154392K [0x00000000f5580000, 0x0000000100000000, 0x0000000100000000)
  eden space 139776K, 100% used [0x00000000f5580000,0x00000000fde00000,0x00000000fde00000)
  from space 14848K, 98% used [0x00000000fde00000,0x00000000fec46148,0x00000000fec80000)
  to   space 18432K, 0% used [0x00000000fee00000,0x00000000fee00000,0x0000000100000000)
 ParOldGen       total 174592K, used 51858K [0x00000000e0000000, 0x00000000eaa80000, 0x00000000f5580000)
  object space 174592K, 29% used [0x00000000e0000000,0x00000000e32a4860,0x00000000eaa80000)
 Metaspace       used 57075K, capacity 64066K, committed 64256K, reserved 1103872K
  class space    used 6827K, capacity 8838K, committed 8960K, reserved 1048576K
Event: 10.581 GC heap after
Heap after GC invocations=23 (full 3):
 PSYoungGen      total 153088K, used 16660K [0x00000000f5580000, 0x0000000100000000, 0x0000000100000000)
  eden space 134656K, 0% used [0x00000000f5580000,0x00000000f5580000,0x00000000fd900000)
  from space 18432K, 90% used [0x00000000fee00000,0x00000000ffe451c8,0x0000000100000000)
  to   space 19968K, 0% used [0x00000000fd900000,0x00000000fd900000,0x00000000fec80000)
 ParOldGen       total 174592K, used 51866K [0x00000000e0000000, 0x00000000eaa80000, 0x00000000f5580000)
  object space 174592K, 29% used [0x00000000e0000000,0x00000000e32a6860,0x00000000eaa80000)
 Metaspace       used 57075K, capacity 64066K, committed 64256K, reserved 1103872K
  class space    used 6827K, capacity 8838K, committed 8960K, reserved 1048576K
}
Event: 10.866 GC heap before
{Heap before GC invocations=24 (full 3):
 PSYoungGen      total 153088K, used 151316K [0x00000000f5580000, 0x0000000100000000, 0x0000000100000000)
  eden space 134656K, 100% used [0x00000000f5580000,0x00000000fd900000,0x00000000fd900000)
  from space 18432K, 90% used [0x00000000fee00000,0x00000000ffe451c8,0x0000000100000000)
  to   space 19968K, 0% used [0x00000000fd900000,0x00000000fd900000,0x00000000fec80000)
 ParOldGen       total 174592K, used 51866K [0x00000000e0000000, 0x00000000eaa80000, 0x00000000f5580000)
  object space 174592K, 29% used [0x00000000e0000000,0x00000000e32a6860,0x00000000eaa80000)
 Metaspace       used 57123K, capacity 64214K, committed 64512K, reserved 1105920K
  class space    used 6833K, capacity 8848K, committed 8960K, reserved 1048576K
Event: 10.876 GC heap after
Heap after GC invocations=24 (full 3):
 PSYoungGen      total 151040K, used 16214K [0x00000000f5580000, 0x0000000100000000, 0x0000000100000000)
  eden space 134656K, 0% used [0x00000000f5580000,0x00000000f5580000,0x00000000fd900000)
  from space 16384K, 98% used [0x00000000fd900000,0x00000000fe8d5bc0,0x00000000fe900000)
  to   space 21504K, 0% used [0x00000000feb00000,0x00000000feb00000,0x0000000100000000)
 ParOldGen       total 174592K, used 51874K [0x00000000e0000000, 0x00000000eaa80000, 0x00000000f5580000)
  object space 174592K, 29% used [0x00000000e0000000,0x00000000e32a8860,0x00000000eaa80000)
 Metaspace       used 57123K, capacity 64214K, committed 64512K, reserved 1105920K
  class space    used 6833K, capacity 8848K, committed 8960K, reserved 1048576K
}
Event: 11.187 GC heap before
{Heap before GC invocations=25 (full 3):
 PSYoungGen      total 151040K, used 150870K [0x00000000f5580000, 0x0000000100000000, 0x0000000100000000)
  eden space 134656K, 100% used [0x00000000f5580000,0x00000000fd900000,0x00000000fd900000)
  from space 16384K, 98% used [0x00000000fd900000,0x00000000fe8d5bc0,0x00000000fe900000)
  to   space 21504K, 0% used [0x00000000feb00000,0x00000000feb00000,0x0000000100000000)
 ParOldGen       total 174592K, used 51874K [0x00000000e0000000, 0x00000000eaa80000, 0x00000000f5580000)
  object space 174592K, 29% used [0x00000000e0000000,0x00000000e32a8860,0x00000000eaa80000)
 Metaspace       used 57234K, capacity 64364K, committed 64512K, reserved 1105920K
  class space    used 6840K, capacity 8857K, committed 8960K, reserved 1048576K
Event: 11.200 GC heap after
Heap after GC invocations=25 (full 3):
 PSYoungGen      total 151040K, used 17802K [0x00000000f5580000, 0x0000000100000000, 0x0000000100000000)
  eden space 129536K, 0% used [0x00000000f5580000,0x00000000f5580000,0x00000000fd400000)
  from space 21504K, 82% used [0x00000000feb00000,0x00000000ffc62bd0,0x0000000100000000)
  to   space 22528K, 0% used [0x00000000fd400000,0x00000000fd400000,0x00000000fea00000)
 ParOldGen       total 174592K, used 51882K [0x00000000e0000000, 0x00000000eaa80000, 0x00000000f5580000)
  object space 174592K, 29% used [0x00000000e0000000,0x00000000e32aa860,0x00000000eaa80000)
 Metaspace       used 57234K, capacity 64364K, committed 64512K, reserved 1105920K
  class space    used 6840K, capacity 8857K, committed 8960K, reserved 1048576K
}

