# JRE version: Java(TM) SE Runtime Environment (8.0_144-b01) (build 1.8.0_144-b01)
# Java VM: Java HotSpot(TM) 64-Bit Server VM (25.144-b01 mixed mode windows-amd64 compressed oops)
Heap:
 PSYoungGen      total 150528K, used 74620K [0x00000000f5580000, 0x0000000100000000, 0x0000000100000000)
  eden space 129536K, 43% used [0x00000000f5580000,0x00000000f8ce7298,0x00000000fd400000)
  from space 20992K, 85% used [0x00000000feb80000,0x00000000ffcf8020,0x0000000100000000)
  to   space 22528K, 0% used [0x00000000fd400000,0x00000000fd400000,0x00000000fea00000)
 ParOldGen       total 166400K, used 51614K [0x00000000e0000000, 0x00000000ea280000, 0x00000000f5580000)
  object space 166400K, 31% used [0x00000000e0000000,0x00000000e3267af8,0x00000000ea280000)
 Metaspace       used 57345K, capacity 64590K, committed 64768K, reserved 1105920K
  class space    used 6848K, capacity 8864K, committed 8960K, reserved 1048576K
GC Heap History (10 events):
Event: 8.839 GC heap before
{Heap before GC invocations=21 (full 3):
 PSYoungGen      total 159232K, used 159142K [0x00000000f5580000, 0x0000000100000000, 0x0000000100000000)
  eden space 145920K, 100% used [0x00000000f5580000,0x00000000fe400000,0x00000000fe400000)
  from space 13312K, 99% used [0x00000000fe400000,0x00000000ff0e9a08,0x00000000ff100000)
  to   space 15360K, 0% used [0x00000000ff100000,0x00000000ff100000,0x0000000100000000)
 ParOldGen       total 166400K, used 51566K [0x00000000e0000000, 0x00000000ea280000, 0x00000000f5580000)
  object space 166400K, 30% used [0x00000000e0000000,0x00000000e325baf8,0x00000000ea280000)
 Metaspace       used 54730K, capacity 61214K, committed 61312K, reserved 1101824K
  class space    used 6575K, capacity 8506K, committed 8576K, reserved 1048576K
Event: 8.848 GC heap after
Heap after GC invocations=21 (full 3):
 PSYoungGen      total 157184K, used 13354K [0x00000000f5580000, 0x0000000100000000, 0x0000000100000000)
  eden space 141824K, 0% used [0x00000000f5580000,0x00000000f5580000,0x00000000fe000000)
  from space 15360K, 86% used [0x00000000ff100000,0x00000000ffe0abd0,0x0000000100000000)
  to   space 16384K, 0% used [0x00000000fe000000,0x00000000fe000000,0x00000000ff000000)
 ParOldGen       total 166400K, used 51574K [0x00000000e0000000, 0x00000000ea280000, 0x00000000f5580000)
  object space 166400K, 30% used [0x00000000e0000000,0x00000000e325daf8,0x00000000ea280000)
 Metaspace       used 54730K, capacity 61214K, committed 61312K, reserved 1101824K
  class space    used 6575K, capacity 8506K, committed 8576K, reserved 1048576K
}
Event: 9.166 GC heap before
{Heap before GC invocations=22 (full 3):
 PSYoungGen      total 157184K, used 155178K [0x00000000f5580000, 0x0000000100000000, 0x0000000100000000)
  eden space 141824K, 100% used [0x00000000f5580000,0x00000000fe000000,0x00000000fe000000)
  from space 15360K, 86% used [0x00000000ff100000,0x00000000ffe0abd0,0x0000000100000000)
  to   space 16384K, 0% used [0x00000000fe000000,0x00000000fe000000,0x00000000ff000000)
 ParOldGen       total 166400K, used 51574K [0x00000000e0000000, 0x00000000ea280000, 0x00000000f5580000)
  object space 166400K, 30% used [0x00000000e0000000,0x00000000e325daf8,0x00000000ea280000)
 Metaspace       used 55708K, capacity 62488K, committed 62720K, reserved 1103872K
  class space    used 6708K, capacity 8681K, committed 8704K, reserved 1048576K
Event: 9.174 GC heap after
Heap after GC invocations=22 (full 3):
 PSYoungGen      total 156672K, used 14388K [0x00000000f5580000, 0x0000000100000000, 0x0000000100000000)
  eden space 141824K, 0% used [0x00000000f5580000,0x00000000f5580000,0x00000000fe000000)
  from space 14848K, 96% used [0x00000000fe000000,0x00000000fee0d0d0,0x00000000fee80000)
  to   space 17920K, 0% used [0x00000000fee80000,0x00000000fee80000,0x0000000100000000)
 ParOldGen       total 166400K, used 51582K [0x00000000e0000000, 0x00000000ea280000, 0x00000000f5580000)
  object space 166400K, 30% used [0x00000000e0000000,0x00000000e325faf8,0x00000000ea280000)
 Metaspace       used 55708K, capacity 62488K, committed 62720K, reserved 1103872K
  class space    used 6708K, capacity 8681K, committed 8704K, reserved 1048576K
}
Event: 9.602 GC heap before
{Heap before GC invocations=23 (full 3):
 PSYoungGen      total 156672K, used 156212K [0x00000000f5580000, 0x0000000100000000, 0x0000000100000000)
  eden space 141824K, 100% used [0x00000000f5580000,0x00000000fe000000,0x00000000fe000000)
  from space 14848K, 96% used [0x00000000fe000000,0x00000000fee0d0d0,0x00000000fee80000)
  to   space 17920K, 0% used [0x00000000fee80000,0x00000000fee80000,0x0000000100000000)
 ParOldGen       total 166400K, used 51582K [0x00000000e0000000, 0x00000000ea280000, 0x00000000f5580000)
  object space 166400K, 30% used [0x00000000e0000000,0x00000000e325faf8,0x00000000ea280000)
 Metaspace       used 57088K, capacity 64158K, committed 64512K, reserved 1105920K
  class space    used 6826K, capacity 8836K, committed 8960K, reserved 1048576K
Event: 9.616 GC heap after
Heap after GC invocations=23 (full 3):
 PSYoungGen      total 153600K, used 16855K [0x00000000f5580000, 0x0000000100000000, 0x0000000100000000)
  eden space 135680K, 0% used [0x00000000f5580000,0x00000000f5580000,0x00000000fda00000)
  from space 17920K, 94% used [0x00000000fee80000,0x00000000ffef5f40,0x0000000100000000)
  to   space 19456K, 0% used [0x00000000fda00000,0x00000000fda00000,0x00000000fed00000)
 ParOldGen       total 166400K, used 51598K [0x00000000e0000000, 0x00000000ea280000, 0x00000000f5580000)
  object space 166400K, 31% used [0x00000000e0000000,0x00000000e3263af8,0x00000000ea280000)
 Metaspace       used 57088K, capacity 64158K, committed 64512K, reserved 1105920K
  class space    used 6826K, capacity 8836K, committed 8960K, reserved 1048576K
}
Event: 9.955 GC heap before
{Heap before GC invocations=24 (full 3):
 PSYoungGen      total 153600K, used 152535K [0x00000000f5580000, 0x0000000100000000, 0x0000000100000000)
  eden space 135680K, 100% used [0x00000000f5580000,0x00000000fda00000,0x00000000fda00000)
  from space 17920K, 94% used [0x00000000fee80000,0x00000000ffef5f40,0x0000000100000000)
  to   space 19456K, 0% used [0x00000000fda00000,0x00000000fda00000,0x00000000fed00000)
 ParOldGen       total 166400K, used 51598K [0x00000000e0000000, 0x00000000ea280000, 0x00000000f5580000)
  object space 166400K, 31% used [0x00000000e0000000,0x00000000e3263af8,0x00000000ea280000)
 Metaspace       used 57137K, capacity 64244K, committed 64512K, reserved 1105920K
  class space    used 6833K, capacity 8847K, committed 8960K, reserved 1048576K
Event: 9.968 GC heap after
Heap after GC invocations=24 (full 3):
 PSYoungGen      total 152064K, used 16214K [0x00000000f5580000, 0x0000000100000000, 0x0000000100000000)
  eden space 135680K, 0% used [0x00000000f5580000,0x00000000f5580000,0x00000000fda00000)
  from space 16384K, 98% used [0x00000000fda00000,0x00000000fe9d5bc0,0x00000000fea00000)
  to   space 20992K, 0% used [0x00000000feb80000,0x00000000feb80000,0x0000000100000000)
 ParOldGen       total 166400K, used 51606K [0x00000000e0000000, 0x00000000ea280000, 0x00000000f5580000)
  object space 166400K, 31% used [0x00000000e0000000,0x00000000e3265af8,0x00000000ea280000)
 Metaspace       used 57137K, capacity 64244K, committed 64512K, reserved 1105920K
  class space    used 6833K, capacity 8847K, committed 8960K, reserved 1048576K
}
Event: 10.276 GC heap before
{Heap before GC invocations=25 (full 3):
 PSYoungGen      total 152064K, used 151894K [0x00000000f5580000, 0x0000000100000000, 0x0000000100000000)
  eden space 135680K, 100% used [0x00000000f5580000,0x00000000fda00000,0x00000000fda00000)
  from space 16384K, 98% used [0x00000000fda00000,0x00000000fe9d5bc0,0x00000000fea00000)
  to   space 20992K, 0% used [0x00000000feb80000,0x00000000feb80000,0x0000000100000000)
 ParOldGen       total 166400K, used 51606K [0x00000000e0000000, 0x00000000ea280000, 0x00000000f5580000)
  object space 166400K, 31% used [0x00000000e0000000,0x00000000e3265af8,0x00000000ea280000)
 Metaspace       used 57303K, capacity 64530K, committed 64768K, reserved 1105920K
  class space    used 6844K, capacity 8858K, committed 8960K, reserved 1048576K
Event: 10.294 GC heap after
Heap after GC invocations=25 (full 3):
 PSYoungGen      total 150528K, used 17888K [0x00000000f5580000, 0x0000000100000000, 0x0000000100000000)
  eden space 129536K, 0% used [0x00000000f5580000,0x00000000f5580000,0x00000000fd400000)
  from space 20992K, 85% used [0x00000000feb80000,0x00000000ffcf8020,0x0000000100000000)
  to   space 22528K, 0% used [0x00000000fd400000,0x00000000fd400000,0x00000000fea00000)
 ParOldGen       total 166400K, used 51614K [0x00000000e0000000, 0x00000000ea280000, 0x00000000f5580000)
  object space 166400K, 31% used [0x00000000e0000000,0x00000000e3267af8,0x00000000ea280000)
 Metaspace       used 57303K, capacity 64530K, committed 64768K, reserved 1105920K
  class space    used 6844K, capacity 8858K, committed 8960K, reserved 1048576K
}

